<?xml version="1.0" encoding="UTF-8"?>
<!-- Generated by org.testng.reporters.JUnitReportReporter -->
<testsuite skipped="4" hostname="APINDELANN635" name="testexample.Facebook" tests="5" failures="0" timestamp="2020-10-11T10:50:15 IST" time="1.859" errors="1">
  <testcase name="f" time="0.000" classname="testexample.Facebook">
    <skipped/>
  </testcase> <!-- f -->
  <system-out/>
  <testcase name="f" time="0.000" classname="testexample.Facebook">
    <skipped/>
  </testcase> <!-- f -->
  <system-out/>
  <testcase name="f" time="0.000" classname="testexample.Facebook">
    <skipped/>
  </testcase> <!-- f -->
  <system-out/>
  <testcase name="f" time="0.000" classname="testexample.Facebook">
    <skipped/>
  </testcase> <!-- f -->
  <system-out/>
  <testcase name="beforeTest" time="1.859" classname="testexample.Facebook">
    <error type="org.openqa.selenium.SessionNotCreatedException" message="session not created: This version of ChromeDriver only supports Chrome version 84
Build info: version: &#039;3.141.59&#039;, revision: &#039;e82be7d358&#039;, time: &#039;2018-11-14T08:17:03&#039;
System info: host: &#039;APINDELANN635&#039;, ip: &#039;192.168.225.197&#039;, os.name: &#039;Windows 10&#039;, os.arch: &#039;amd64&#039;, os.version: &#039;10.0&#039;, java.version: &#039;1.8.0_251&#039;
Driver info: driver.version: ChromeDriver
remote stacktrace: Backtrace:
	Ordinal0 [0x003387E3+2852835]
	Ordinal0 [0x00225BB1+1727409]
	Ordinal0 [0x000FE4B9+517305]
	Ordinal0 [0x00090BA0+68512]
	Ordinal0 [0x0008D3A0+54176]
	Ordinal0 [0x000AD9F7+186871]
	Ordinal0 [0x000AD7FD+186365]
	Ordinal0 [0x000AB70B+177931]
	Ordinal0 [0x00092584+75140]
	Ordinal0 [0x00093650+79440]
	Ordinal0 [0x000935E9+79337]
	Ordinal0 [0x0023AD5C+1813852]
	GetHandleVerifier [0x0045C616+1075574]
	GetHandleVerifier [0x0045C367+1074887]
	GetHandleVerifier [0x00467497+1120247]
	GetHandleVerifier [0x0045CC16+1077110]
	Ordinal0 [0x00233206+1782278]
	Ordinal0 [0x0023C3BB+1819579]
	Ordinal0 [0x0023C523+1819939]
	Ordinal0 [0x00252B45+1911621]
	BaseThreadInitThunk [0x778B6359+25]
	RtlGetAppContainerNamedObjectPath [0x77D87C24+228]
	RtlGetAppContainerNamedObjectPath [0x77D87BF4+180]
	(No symbol) [0x00000000]
">
      <![CDATA[org.openqa.selenium.SessionNotCreatedException: session not created: This version of ChromeDriver only supports Chrome version 84
Build info: version: '3.141.59', revision: 'e82be7d358', time: '2018-11-14T08:17:03'
System info: host: 'APINDELANN635', ip: '192.168.225.197', os.name: 'Windows 10', os.arch: 'amd64', os.version: '10.0', java.version: '1.8.0_251'
Driver info: driver.version: ChromeDriver
remote stacktrace: Backtrace:
Ordinal0 [0x003387E3+2852835]
Ordinal0 [0x00225BB1+1727409]
Ordinal0 [0x000FE4B9+517305]
Ordinal0 [0x00090BA0+68512]
Ordinal0 [0x0008D3A0+54176]
Ordinal0 [0x000AD9F7+186871]
Ordinal0 [0x000AD7FD+186365]
Ordinal0 [0x000AB70B+177931]
Ordinal0 [0x00092584+75140]
Ordinal0 [0x00093650+79440]
Ordinal0 [0x000935E9+79337]
Ordinal0 [0x0023AD5C+1813852]
GetHandleVerifier [0x0045C616+1075574]
GetHandleVerifier [0x0045C367+1074887]
GetHandleVerifier [0x00467497+1120247]
GetHandleVerifier [0x0045CC16+1077110]
Ordinal0 [0x00233206+1782278]
Ordinal0 [0x0023C3BB+1819579]
Ordinal0 [0x0023C523+1819939]
Ordinal0 [0x00252B45+1911621]
BaseThreadInitThunk [0x778B6359+25]
RtlGetAppContainerNamedObjectPath [0x77D87C24+228]
RtlGetAppContainerNamedObjectPath [0x77D87BF4+180]
(No symbol) [0x00000000]

at sun.reflect.NativeConstructorAccessorImpl.newInstance0(Native Method)
at sun.reflect.NativeConstructorAccessorImpl.newInstance(Unknown Source)
at sun.reflect.DelegatingConstructorAccessorImpl.newInstance(Unknown Source)
at java.lang.reflect.Constructor.newInstance(Unknown Source)
at org.openqa.selenium.remote.W3CHandshakeResponse.lambda$errorHandler$0(W3CHandshakeResponse.java:62)
at org.openqa.selenium.remote.HandshakeResponse.lambda$getResponseFunction$0(HandshakeResponse.java:30)
at org.openqa.selenium.remote.ProtocolHandshake.lambda$createSession$0(ProtocolHandshake.java:126)
at java.util.stream.ReferencePipeline$3$1.accept(Unknown Source)
at java.util.Spliterators$ArraySpliterator.tryAdvance(Unknown Source)
at java.util.stream.ReferencePipeline.forEachWithCancel(Unknown Source)
at java.util.stream.AbstractPipeline.copyIntoWithCancel(Unknown Source)
at java.util.stream.AbstractPipeline.copyInto(Unknown Source)
at java.util.stream.AbstractPipeline.wrapAndCopyInto(Unknown Source)
at java.util.stream.FindOps$FindOp.evaluateSequential(Unknown Source)
at java.util.stream.AbstractPipeline.evaluate(Unknown Source)
at java.util.stream.ReferencePipeline.findFirst(Unknown Source)
at org.openqa.selenium.remote.ProtocolHandshake.createSession(ProtocolHandshake.java:128)
at org.openqa.selenium.remote.ProtocolHandshake.createSession(ProtocolHandshake.java:74)
at org.openqa.selenium.remote.HttpCommandExecutor.execute(HttpCommandExecutor.java:136)
at org.openqa.selenium.remote.service.DriverCommandExecutor.execute(DriverCommandExecutor.java:83)
at org.openqa.selenium.remote.RemoteWebDriver.execute(RemoteWebDriver.java:552)
at org.openqa.selenium.remote.RemoteWebDriver.startSession(RemoteWebDriver.java:213)
at org.openqa.selenium.remote.RemoteWebDriver.<init>(RemoteWebDriver.java:131)
at org.openqa.selenium.chrome.ChromeDriver.<init>(ChromeDriver.java:181)
at org.openqa.selenium.chrome.ChromeDriver.<init>(ChromeDriver.java:168)
at org.openqa.selenium.chrome.ChromeDriver.<init>(ChromeDriver.java:123)
at testexample.Facebook.beforeTest(Facebook.java:44)
at sun.reflect.NativeMethodAccessorImpl.invoke0(Native Method)
at sun.reflect.NativeMethodAccessorImpl.invoke(Unknown Source)
at sun.reflect.DelegatingMethodAccessorImpl.invoke(Unknown Source)
at java.lang.reflect.Method.invoke(Unknown Source)
at org.testng.internal.MethodInvocationHelper.invokeMethod(MethodInvocationHelper.java:132)
at org.testng.internal.MethodInvocationHelper.invokeMethodConsideringTimeout(MethodInvocationHelper.java:61)
at org.testng.internal.ConfigInvoker.invokeConfigurationMethod(ConfigInvoker.java:366)
at org.testng.internal.ConfigInvoker.invokeConfigurations(ConfigInvoker.java:320)
at org.testng.TestRunner.invokeTestConfigurations(TestRunner.java:617)
at org.testng.TestRunner.beforeRun(TestRunner.java:607)
at org.testng.TestRunner.run(TestRunner.java:578)
at org.testng.SuiteRunner.runTest(SuiteRunner.java:384)
at org.testng.SuiteRunner.runSequentially(SuiteRunner.java:378)
at org.testng.SuiteRunner.privateRun(SuiteRunner.java:337)
at org.testng.SuiteRunner.run(SuiteRunner.java:286)
at org.testng.SuiteRunnerWorker.runSuite(SuiteRunnerWorker.java:53)
at org.testng.SuiteRunnerWorker.run(SuiteRunnerWorker.java:96)
at org.testng.TestNG.runSuitesSequentially(TestNG.java:1218)
at org.testng.TestNG.runSuitesLocally(TestNG.java:1140)
at org.testng.TestNG.runSuites(TestNG.java:1069)
at org.testng.TestNG.run(TestNG.java:1037)
at org.testng.remote.AbstractRemoteTestNG.run(AbstractRemoteTestNG.java:115)
at org.testng.remote.RemoteTestNG.initAndRun(RemoteTestNG.java:251)
at org.testng.remote.RemoteTestNG.main(RemoteTestNG.java:77)
]]>
    </error>
  </testcase> <!-- beforeTest -->
  <system-out/>
</testsuite> <!-- testexample.Facebook -->
